<?xml version="1.0" encoding="UTF-8"?>
<testsuite name="org.bankocr.OCRTest" tests="1" skipped="0" failures="0" errors="0" timestamp="2022-11-30T15:22:52" hostname="phivoss-MacBook-Pro.local" time="0.007">
  <properties/>
  <testcase name="fromLCD()" classname="org.bankocr.OCRTest" time="0.007"/>
  <system-out><![CDATA[]]></system-out>
  <system-err><![CDATA[]]></system-err>
</testsuite>
